<?xml version="1.0" encoding="UTF-8"?>
<testsuite name="main.web.SubscriberControllerTest" tests="1" skipped="0" failures="0" errors="0" timestamp="2018-02-19T12:35:15" hostname="css-dep" time="0.057">
  <properties/>
  <testcase name="dummyTest" classname="main.web.SubscriberControllerTest" time="0.057"/>
  <system-out><![CDATA[12:35:09.914 [Test worker] DEBUG org.springframework.test.context.junit4.SpringJUnit4ClassRunner - SpringJUnit4ClassRunner constructor called with [class main.web.SubscriberControllerTest]
12:35:09.924 [Test worker] DEBUG org.springframework.test.context.BootstrapUtils - Instantiating CacheAwareContextLoaderDelegate from class [org.springframework.test.context.cache.DefaultCacheAwareContextLoaderDelegate]
12:35:09.935 [Test worker] DEBUG org.springframework.test.context.BootstrapUtils - Instantiating BootstrapContext using constructor [public org.springframework.test.context.support.DefaultBootstrapContext(java.lang.Class,org.springframework.test.context.CacheAwareContextLoaderDelegate)]
12:35:09.960 [Test worker] DEBUG org.springframework.test.context.BootstrapUtils - Instantiating TestContextBootstrapper for test class [main.web.SubscriberControllerTest] from class [org.springframework.boot.test.context.SpringBootTestContextBootstrapper]
12:35:09.977 [Test worker] INFO org.springframework.boot.test.context.SpringBootTestContextBootstrapper - Neither @ContextConfiguration nor @ContextHierarchy found for test class [main.web.SubscriberControllerTest], using SpringBootContextLoader
12:35:09.982 [Test worker] DEBUG org.springframework.test.context.support.AbstractContextLoader - Did not detect default resource location for test class [main.web.SubscriberControllerTest]: class path resource [main/web/SubscriberControllerTest-context.xml] does not exist
12:35:09.982 [Test worker] DEBUG org.springframework.test.context.support.AbstractContextLoader - Did not detect default resource location for test class [main.web.SubscriberControllerTest]: class path resource [main/web/SubscriberControllerTestContext.groovy] does not exist
12:35:09.982 [Test worker] INFO org.springframework.test.context.support.AbstractContextLoader - Could not detect default resource locations for test class [main.web.SubscriberControllerTest]: no resource found for suffixes {-context.xml, Context.groovy}.
12:35:10.037 [Test worker] DEBUG org.springframework.test.context.support.ActiveProfilesUtils - Could not find an 'annotation declaring class' for annotation type [org.springframework.test.context.ActiveProfiles] and class [main.web.SubscriberControllerTest]
12:35:10.075 [Test worker] DEBUG org.springframework.boot.test.context.SpringBootTestContextBootstrapper - @TestExecutionListeners is not present for class [main.web.SubscriberControllerTest]: using defaults.
12:35:10.081 [Test worker] INFO org.springframework.boot.test.context.SpringBootTestContextBootstrapper - Loaded default TestExecutionListener class names from location [META-INF/spring.factories]: [org.springframework.boot.test.mock.mockito.MockitoTestExecutionListener, org.springframework.boot.test.mock.mockito.ResetMocksTestExecutionListener, org.springframework.boot.test.autoconfigure.restdocs.RestDocsTestExecutionListener, org.springframework.boot.test.autoconfigure.web.client.MockRestServiceServerResetTestExecutionListener, org.springframework.boot.test.autoconfigure.web.servlet.MockMvcPrintOnlyOnFailureTestExecutionListener, org.springframework.boot.test.autoconfigure.web.servlet.WebDriverTestExecutionListener, org.springframework.test.context.web.ServletTestExecutionListener, org.springframework.test.context.support.DirtiesContextBeforeModesTestExecutionListener, org.springframework.test.context.support.DependencyInjectionTestExecutionListener, org.springframework.test.context.support.DirtiesContextTestExecutionListener, org.springframework.test.context.transaction.TransactionalTestExecutionListener, org.springframework.test.context.jdbc.SqlScriptsTestExecutionListener]
12:35:10.110 [Test worker] INFO org.springframework.boot.test.context.SpringBootTestContextBootstrapper - Using TestExecutionListeners: [org.springframework.test.context.web.ServletTestExecutionListener@2e558050, org.springframework.test.context.support.DirtiesContextBeforeModesTestExecutionListener@6c674420, org.springframework.boot.test.autoconfigure.SpringBootDependencyInjectionTestExecutionListener@26187ab0, org.springframework.test.context.support.DirtiesContextTestExecutionListener@2633c39, org.springframework.test.context.transaction.TransactionalTestExecutionListener@366b25, org.springframework.test.context.jdbc.SqlScriptsTestExecutionListener@56266947, org.springframework.boot.test.autoconfigure.web.client.MockRestServiceServerResetTestExecutionListener@338e54c9, org.springframework.boot.test.autoconfigure.web.servlet.MockMvcPrintOnlyOnFailureTestExecutionListener@28172475, org.springframework.boot.test.autoconfigure.restdocs.RestDocsTestExecutionListener@1bcb0d11, org.springframework.boot.test.mock.mockito.MockitoTestExecutionListener@7ec2237e, org.springframework.boot.test.autoconfigure.web.servlet.WebDriverTestExecutionListener@3fab0873, org.springframework.boot.test.mock.mockito.ResetMocksTestExecutionListener@2e0ea77f]
12:35:10.115 [Test worker] DEBUG org.springframework.test.annotation.ProfileValueUtils - Retrieved @ProfileValueSourceConfiguration [null] for test class [main.web.SubscriberControllerTest]
12:35:10.116 [Test worker] DEBUG org.springframework.test.annotation.ProfileValueUtils - Retrieved ProfileValueSource type [class org.springframework.test.annotation.SystemProfileValueSource] for class [main.web.SubscriberControllerTest]
12:35:10.117 [Test worker] DEBUG org.springframework.test.annotation.ProfileValueUtils - Retrieved @ProfileValueSourceConfiguration [null] for test class [main.web.SubscriberControllerTest]
12:35:10.118 [Test worker] DEBUG org.springframework.test.annotation.ProfileValueUtils - Retrieved ProfileValueSource type [class org.springframework.test.annotation.SystemProfileValueSource] for class [main.web.SubscriberControllerTest]
12:35:10.124 [Test worker] DEBUG org.springframework.test.context.support.AbstractDirtiesContextTestExecutionListener - Before test class: context [DefaultTestContext@291e7199 testClass = SubscriberControllerTest, testInstance = [null], testMethod = [null], testException = [null], mergedContextConfiguration = [WebMergedContextConfiguration@662f8730 testClass = SubscriberControllerTest, locations = '{}', classes = '{class main.web.Application, class main.web.Application}', contextInitializerClasses = '[]', activeProfiles = '{}', propertySourceLocations = '{}', propertySourceProperties = '{org.springframework.boot.test.context.SpringBootTestContextBootstrapper=true}', contextCustomizers = set[org.springframework.boot.test.context.SpringBootTestContextCustomizer@4dcd7b43, org.springframework.boot.test.context.filter.ExcludeFilterContextCustomizer@5381963e, org.springframework.boot.test.json.DuplicateJsonObjectContextCustomizerFactory$DuplicateJsonObjectContextCustomizer@3a8bf072, org.springframework.boot.test.mock.mockito.MockitoContextCustomizer@0, org.springframework.boot.test.autoconfigure.properties.PropertyMappingContextCustomizer@0, org.springframework.boot.test.autoconfigure.web.servlet.WebDriverContextCustomizerFactory$Customizer@9e2de09, org.springframework.test.context.web.socket.MockServerContainerContextCustomizer@164ea6a2], resourceBasePath = 'src/main/webapp', contextLoader = 'org.springframework.boot.test.context.SpringBootContextLoader', parent = [null]]], class annotated with @DirtiesContext [false] with mode [null].
12:35:10.126 [Test worker] DEBUG org.springframework.test.annotation.ProfileValueUtils - Retrieved @ProfileValueSourceConfiguration [null] for test class [main.web.SubscriberControllerTest]
12:35:10.126 [Test worker] DEBUG org.springframework.test.annotation.ProfileValueUtils - Retrieved ProfileValueSource type [class org.springframework.test.annotation.SystemProfileValueSource] for class [main.web.SubscriberControllerTest]
12:35:10.252 [Test worker] DEBUG org.springframework.core.env.StandardEnvironment - Adding [systemProperties] PropertySource with lowest search precedence
12:35:10.254 [Test worker] DEBUG org.springframework.core.env.StandardEnvironment - Adding [systemEnvironment] PropertySource with lowest search precedence
12:35:10.254 [Test worker] DEBUG org.springframework.core.env.StandardEnvironment - Initialized StandardEnvironment with PropertySources [systemProperties,systemEnvironment]
12:35:10.257 [Test worker] DEBUG org.springframework.core.env.MutablePropertySources - Adding [inline] PropertySource with highest search precedence
12:35:10.265 [Test worker] DEBUG org.springframework.test.context.support.TestPropertySourceUtils - Adding inlined properties to environment: {spring.jmx.enabled=false, org.springframework.boot.test.context.SpringBootTestContextBootstrapper=true, server.port=-1}
12:35:10.266 [Test worker] DEBUG org.springframework.core.env.StandardEnvironment - Adding [Inlined Test Properties] PropertySource with highest search precedence

  .   ____          _            __ _ _
 /\\ / ___'_ __ _ _(_)_ __  __ _ \ \ \ \
( ( )\___ | '_ | '_| | '_ \/ _` | \ \ \ \
 \\/  ___)| |_)| | | | | || (_| |  ) ) ) )
  '  |____| .__|_| |_|_| |_\__, | / / / /
 =========|_|==============|___/=/_/_/_/
 :: Spring Boot ::        (v1.5.4.RELEASE)

2018-02-19 12:35:10.619  INFO 22547 --- [    Test worker] main.web.SubscriberControllerTest        : Starting SubscriberControllerTest on css-dep with PID 22547 (started by salman in /home/salman/CSS-project/kafka-interface)
2018-02-19 12:35:10.621  INFO 22547 --- [    Test worker] main.web.SubscriberControllerTest        : No active profile set, falling back to default profiles: default
2018-02-19 12:35:10.676  INFO 22547 --- [    Test worker] o.s.w.c.s.GenericWebApplicationContext   : Refreshing org.springframework.web.context.support.GenericWebApplicationContext@77cf0bc7: startup date [Mon Feb 19 12:35:10 GMT 2018]; root of context hierarchy
2018-02-19 12:35:12.922  INFO 22547 --- [    Test worker] trationDelegate$BeanPostProcessorChecker : Bean 'org.springframework.kafka.annotation.KafkaBootstrapConfiguration' of type [org.springframework.kafka.annotation.KafkaBootstrapConfiguration$$EnhancerBySpringCGLIB$$d0129d57] is not eligible for getting processed by all BeanPostProcessors (for example: not eligible for auto-proxying)
2018-02-19 12:35:14.059  INFO 22547 --- [    Test worker] s.w.s.m.m.a.RequestMappingHandlerAdapter : Looking for @ControllerAdvice: org.springframework.web.context.support.GenericWebApplicationContext@77cf0bc7: startup date [Mon Feb 19 12:35:10 GMT 2018]; root of context hierarchy
2018-02-19 12:35:14.203  INFO 22547 --- [    Test worker] s.w.s.m.m.a.RequestMappingHandlerMapping : Mapped "{[/queries/snapshots/{aggregate}],methods=[GET]}" onto public org.springframework.http.ResponseEntity main.web.MongoController.getSnapshot(java.lang.String)
2018-02-19 12:35:14.205  INFO 22547 --- [    Test worker] s.w.s.m.m.a.RequestMappingHandlerMapping : Mapped "{[/queries/test],methods=[GET]}" onto public org.springframework.http.ResponseEntity main.web.MongoController.getTestEvents()
2018-02-19 12:35:14.206  INFO 22547 --- [    Test worker] s.w.s.m.m.a.RequestMappingHandlerMapping : Mapped "{[/queries/commands/{command}],methods=[GET]}" onto public org.springframework.http.ResponseEntity main.web.MongoController.getCorr(java.lang.String)
2018-02-19 12:35:14.207  INFO 22547 --- [    Test worker] s.w.s.m.m.a.RequestMappingHandlerMapping : Mapped "{[/queries/commands/{command}],methods=[GET],params=[from]}" onto public org.springframework.http.ResponseEntity main.web.MongoController.getCorr(java.lang.String,long)
2018-02-19 12:35:14.210  INFO 22547 --- [    Test worker] s.w.s.m.m.a.RequestMappingHandlerMapping : Mapped "{[/queries/events/{topic}],methods=[GET],params=[from]}" onto public org.springframework.http.ResponseEntity main.web.MongoController.getEvents(java.lang.String,long)
2018-02-19 12:35:14.211  INFO 22547 --- [    Test worker] s.w.s.m.m.a.RequestMappingHandlerMapping : Mapped "{[/queries/events/{topic}],methods=[GET]}" onto public org.springframework.http.ResponseEntity main.web.MongoController.getEvents(java.lang.String)
2018-02-19 12:35:14.212  INFO 22547 --- [    Test worker] s.w.s.m.m.a.RequestMappingHandlerMapping : Mapped "{[/snapshots],methods=[POST]}" onto public org.springframework.http.ResponseEntity main.web.MongoController.insert_snapshot(main.mongo.Snapshot)
2018-02-19 12:35:14.212  INFO 22547 --- [    Test worker] s.w.s.m.m.a.RequestMappingHandlerMapping : Mapped "{[/insert],methods=[POST]}" onto public org.springframework.http.ResponseEntity main.web.MongoController.insert(main.mongo.EventMessage)
2018-02-19 12:35:14.214  INFO 22547 --- [    Test worker] s.w.s.m.m.a.RequestMappingHandlerMapping : Mapped "{[/publish]}" onto public org.springframework.http.ResponseEntity main.web.PublishController.publish(main.kafka.Messaging.EventMessage)
2018-02-19 12:35:14.215  INFO 22547 --- [    Test worker] s.w.s.m.m.a.RequestMappingHandlerMapping : Mapped "{[/subscribers],methods=[PUT]}" onto public org.springframework.http.ResponseEntity main.web.SubscriberController.createSubscriber(java.lang.String,java.lang.String,org.springframework.web.util.UriComponentsBuilder)
2018-02-19 12:35:14.216  INFO 22547 --- [    Test worker] s.w.s.m.m.a.RequestMappingHandlerMapping : Mapped "{[/subscribers/{id}],methods=[DELETE]}" onto public org.springframework.http.ResponseEntity<main.kafka.Messaging.MessageConsumer> main.web.SubscriberController.deleteSubscribers(java.util.UUID)
2018-02-19 12:35:14.221  INFO 22547 --- [    Test worker] s.w.s.m.m.a.RequestMappingHandlerMapping : Mapped "{[/error],produces=[text/html]}" onto public org.springframework.web.servlet.ModelAndView org.springframework.boot.autoconfigure.web.BasicErrorController.errorHtml(javax.servlet.http.HttpServletRequest,javax.servlet.http.HttpServletResponse)
2018-02-19 12:35:14.223  INFO 22547 --- [    Test worker] s.w.s.m.m.a.RequestMappingHandlerMapping : Mapped "{[/error]}" onto public org.springframework.http.ResponseEntity<java.util.Map<java.lang.String, java.lang.Object>> org.springframework.boot.autoconfigure.web.BasicErrorController.error(javax.servlet.http.HttpServletRequest)
2018-02-19 12:35:14.328  INFO 22547 --- [    Test worker] o.s.w.s.handler.SimpleUrlHandlerMapping  : Mapped URL path [/webjars/**] onto handler of type [class org.springframework.web.servlet.resource.ResourceHttpRequestHandler]
2018-02-19 12:35:14.328  INFO 22547 --- [    Test worker] o.s.w.s.handler.SimpleUrlHandlerMapping  : Mapped URL path [/**] onto handler of type [class org.springframework.web.servlet.resource.ResourceHttpRequestHandler]
2018-02-19 12:35:14.406  INFO 22547 --- [    Test worker] o.s.w.s.handler.SimpleUrlHandlerMapping  : Mapped URL path [/**/favicon.ico] onto handler of type [class org.springframework.web.servlet.resource.ResourceHttpRequestHandler]
2018-02-19 12:35:14.989  INFO 22547 --- [    Test worker] org.mongodb.driver.cluster               : Cluster created with settings {hosts=[localhost:27017], mode=SINGLE, requiredClusterType=UNKNOWN, serverSelectionTimeout='30000 ms', maxWaitQueueSize=500}
2018-02-19 12:35:15.166  INFO 22547 --- [localhost:27017] org.mongodb.driver.connection            : Opened connection [connectionId{localValue:1, serverValue:49}] to localhost:27017
2018-02-19 12:35:15.169  INFO 22547 --- [localhost:27017] org.mongodb.driver.cluster               : Monitor thread successfully connected to server with description ServerDescription{address=localhost:27017, type=STANDALONE, state=CONNECTED, ok=true, version=ServerVersion{versionList=[3, 6, 2]}, minWireVersion=0, maxWireVersion=6, maxDocumentSize=16777216, roundTripTimeNanos=930269}
2018-02-19 12:35:15.442  INFO 22547 --- [    Test worker] o.s.b.a.e.mvc.EndpointHandlerMapping     : Mapped "{[/beans || /beans.json],methods=[GET],produces=[application/vnd.spring-boot.actuator.v1+json || application/json]}" onto public java.lang.Object org.springframework.boot.actuate.endpoint.mvc.EndpointMvcAdapter.invoke()
2018-02-19 12:35:15.444  INFO 22547 --- [    Test worker] o.s.b.a.e.mvc.EndpointHandlerMapping     : Mapped "{[/env/{name:.*}],methods=[GET],produces=[application/vnd.spring-boot.actuator.v1+json || application/json]}" onto public java.lang.Object org.springframework.boot.actuate.endpoint.mvc.EnvironmentMvcEndpoint.value(java.lang.String)
2018-02-19 12:35:15.444  INFO 22547 --- [    Test worker] o.s.b.a.e.mvc.EndpointHandlerMapping     : Mapped "{[/env || /env.json],methods=[GET],produces=[application/vnd.spring-boot.actuator.v1+json || application/json]}" onto public java.lang.Object org.springframework.boot.actuate.endpoint.mvc.EndpointMvcAdapter.invoke()
2018-02-19 12:35:15.446  INFO 22547 --- [    Test worker] o.s.b.a.e.mvc.EndpointHandlerMapping     : Mapped "{[/health || /health.json],methods=[GET],produces=[application/vnd.spring-boot.actuator.v1+json || application/json]}" onto public java.lang.Object org.springframework.boot.actuate.endpoint.mvc.HealthMvcEndpoint.invoke(javax.servlet.http.HttpServletRequest,java.security.Principal)
2018-02-19 12:35:15.447  INFO 22547 --- [    Test worker] o.s.b.a.e.mvc.EndpointHandlerMapping     : Mapped "{[/mappings || /mappings.json],methods=[GET],produces=[application/vnd.spring-boot.actuator.v1+json || application/json]}" onto public java.lang.Object org.springframework.boot.actuate.endpoint.mvc.EndpointMvcAdapter.invoke()
2018-02-19 12:35:15.449  INFO 22547 --- [    Test worker] o.s.b.a.e.mvc.EndpointHandlerMapping     : Mapped "{[/heapdump || /heapdump.json],methods=[GET],produces=[application/octet-stream]}" onto public void org.springframework.boot.actuate.endpoint.mvc.HeapdumpMvcEndpoint.invoke(boolean,javax.servlet.http.HttpServletRequest,javax.servlet.http.HttpServletResponse) throws java.io.IOException,javax.servlet.ServletException
2018-02-19 12:35:15.450  INFO 22547 --- [    Test worker] o.s.b.a.e.mvc.EndpointHandlerMapping     : Mapped "{[/auditevents || /auditevents.json],methods=[GET],produces=[application/vnd.spring-boot.actuator.v1+json || application/json]}" onto public org.springframework.http.ResponseEntity<?> org.springframework.boot.actuate.endpoint.mvc.AuditEventsMvcEndpoint.findByPrincipalAndAfterAndType(java.lang.String,java.util.Date,java.lang.String)
2018-02-19 12:35:15.451  INFO 22547 --- [    Test worker] o.s.b.a.e.mvc.EndpointHandlerMapping     : Mapped "{[/info || /info.json],methods=[GET],produces=[application/vnd.spring-boot.actuator.v1+json || application/json]}" onto public java.lang.Object org.springframework.boot.actuate.endpoint.mvc.EndpointMvcAdapter.invoke()
2018-02-19 12:35:15.452  INFO 22547 --- [    Test worker] o.s.b.a.e.mvc.EndpointHandlerMapping     : Mapped "{[/autoconfig || /autoconfig.json],methods=[GET],produces=[application/vnd.spring-boot.actuator.v1+json || application/json]}" onto public java.lang.Object org.springframework.boot.actuate.endpoint.mvc.EndpointMvcAdapter.invoke()
2018-02-19 12:35:15.456  INFO 22547 --- [    Test worker] o.s.b.a.e.mvc.EndpointHandlerMapping     : Mapped "{[/metrics/{name:.*}],methods=[GET],produces=[application/vnd.spring-boot.actuator.v1+json || application/json]}" onto public java.lang.Object org.springframework.boot.actuate.endpoint.mvc.MetricsMvcEndpoint.value(java.lang.String)
2018-02-19 12:35:15.457  INFO 22547 --- [    Test worker] o.s.b.a.e.mvc.EndpointHandlerMapping     : Mapped "{[/metrics || /metrics.json],methods=[GET],produces=[application/vnd.spring-boot.actuator.v1+json || application/json]}" onto public java.lang.Object org.springframework.boot.actuate.endpoint.mvc.EndpointMvcAdapter.invoke()
2018-02-19 12:35:15.458  INFO 22547 --- [    Test worker] o.s.b.a.e.mvc.EndpointHandlerMapping     : Mapped "{[/trace || /trace.json],methods=[GET],produces=[application/vnd.spring-boot.actuator.v1+json || application/json]}" onto public java.lang.Object org.springframework.boot.actuate.endpoint.mvc.EndpointMvcAdapter.invoke()
2018-02-19 12:35:15.459  INFO 22547 --- [    Test worker] o.s.b.a.e.mvc.EndpointHandlerMapping     : Mapped "{[/dump || /dump.json],methods=[GET],produces=[application/vnd.spring-boot.actuator.v1+json || application/json]}" onto public java.lang.Object org.springframework.boot.actuate.endpoint.mvc.EndpointMvcAdapter.invoke()
2018-02-19 12:35:15.462  INFO 22547 --- [    Test worker] o.s.b.a.e.mvc.EndpointHandlerMapping     : Mapped "{[/loggers/{name:.*}],methods=[GET],produces=[application/vnd.spring-boot.actuator.v1+json || application/json]}" onto public java.lang.Object org.springframework.boot.actuate.endpoint.mvc.LoggersMvcEndpoint.get(java.lang.String)
2018-02-19 12:35:15.462  INFO 22547 --- [    Test worker] o.s.b.a.e.mvc.EndpointHandlerMapping     : Mapped "{[/loggers/{name:.*}],methods=[POST],consumes=[application/vnd.spring-boot.actuator.v1+json || application/json],produces=[application/vnd.spring-boot.actuator.v1+json || application/json]}" onto public java.lang.Object org.springframework.boot.actuate.endpoint.mvc.LoggersMvcEndpoint.set(java.lang.String,java.util.Map<java.lang.String, java.lang.String>)
2018-02-19 12:35:15.463  INFO 22547 --- [    Test worker] o.s.b.a.e.mvc.EndpointHandlerMapping     : Mapped "{[/loggers || /loggers.json],methods=[GET],produces=[application/vnd.spring-boot.actuator.v1+json || application/json]}" onto public java.lang.Object org.springframework.boot.actuate.endpoint.mvc.EndpointMvcAdapter.invoke()
2018-02-19 12:35:15.464  INFO 22547 --- [    Test worker] o.s.b.a.e.mvc.EndpointHandlerMapping     : Mapped "{[/configprops || /configprops.json],methods=[GET],produces=[application/vnd.spring-boot.actuator.v1+json || application/json]}" onto public java.lang.Object org.springframework.boot.actuate.endpoint.mvc.EndpointMvcAdapter.invoke()
2018-02-19 12:35:15.911  INFO 22547 --- [    Test worker] o.s.c.support.DefaultLifecycleProcessor  : Starting beans in phase 2147483547
2018-02-19 12:35:15.937  INFO 22547 --- [    Test worker] main.web.SubscriberControllerTest        : Started SubscriberControllerTest in 5.66 seconds (JVM running for 7.564)
]]></system-out>
  <system-err><![CDATA[]]></system-err>
</testsuite>
